-------------------------------------------------------------------------------
Test set: mflix.api.daos.UserReportTest
-------------------------------------------------------------------------------
Tests run: 1, Failures: 1, Errors: 0, Skipped: 0, Time elapsed: 0.01 s <<< FAILURE! - in mflix.api.daos.UserReportTest
testMostActiveUserComments(mflix.api.daos.UserReportTest)  Time elapsed: 0 s  <<< FAILURE!
java.lang.AssertionError: mostActiveComments() should return 20 results expected:<20> but was:<0>
	at mflix.api.daos.UserReportTest.testMostActiveUserComments(UserReportTest.java:41)

