-------------------------------------------------------------------------------
Test set: mflix.api.daos.TextAndSubfieldTest
-------------------------------------------------------------------------------
Tests run: 6, Failures: 3, Errors: 2, Skipped: 0, Time elapsed: 9.715 s <<< FAILURE! - in mflix.api.daos.TextAndSubfieldTest
testGenreSearch(mflix.api.daos.TextAndSubfieldTest)  Time elapsed: 3.878 s  <<< FAILURE!
java.lang.AssertionError: Number of total documents does not match expected. Check your dataset expected:<2539> but was:<5917>
	at mflix.api.daos.TextAndSubfieldTest.testGenreSearch(TextAndSubfieldTest.java:157)

testSearchMultipleCast(mflix.api.daos.TextAndSubfieldTest)  Time elapsed: 0.002 s  <<< ERROR!
java.lang.IllegalArgumentException: filter can not be null
	at mflix.api.daos.TextAndSubfieldTest.testSearchMultipleCast(TextAndSubfieldTest.java:108)

testMultipleGenreSearch(mflix.api.daos.TextAndSubfieldTest)  Time elapsed: 5.736 s  <<< FAILURE!
java.lang.AssertionError: expected:<3805> but was:<8385>
	at mflix.api.daos.TextAndSubfieldTest.testMultipleGenreSearch(TextAndSubfieldTest.java:140)

testSearchByCast(mflix.api.daos.TextAndSubfieldTest)  Time elapsed: 0.002 s  <<< ERROR!
java.lang.IllegalArgumentException: filter can not be null
	at mflix.api.daos.TextAndSubfieldTest.testSearchByCast(TextAndSubfieldTest.java:82)

testTextSearchCount(mflix.api.daos.TextAndSubfieldTest)  Time elapsed: 0.012 s  <<< FAILURE!
java.lang.AssertionError: Text search matched documents does not match. Check your query filter expected:<151> but was:<326>
	at mflix.api.daos.TextAndSubfieldTest.testTextSearchCount(TextAndSubfieldTest.java:72)

