-------------------------------------------------------------------------------
Test set: mflix.api.daos.MigrationTest
-------------------------------------------------------------------------------
Tests run: 2, Failures: 1, Errors: 0, Skipped: 0, Time elapsed: 2.323 s <<< FAILURE! - in mflix.api.daos.MigrationTest
testAllDocumentsIMDBRatingNumber(mflix.api.daos.MigrationTest)  Time elapsed: 1.172 s  <<< FAILURE!
java.lang.AssertionError: Should not find documents where `imdb.rating` is of not of `number` type expected:<0> but was:<61>
	at mflix.api.daos.MigrationTest.testAllDocumentsIMDBRatingNumber(MigrationTest.java:42)

