<?xml version="1.0" encoding="UTF-8"?>
<testsuite xmlns:xsi="http://www.w3.org/2001/XMLSchema-instance" xsi:noNamespaceSchemaLocation="https://maven.apache.org/surefire/maven-surefire-plugin/xsd/surefire-test-report.xsd" name="mflix.api.daos.TimeoutsTest" time="16.389" tests="2" errors="2" skipped="0" failures="0">
  <properties>
[...]
</properties>
  <testcase name="testConfiguredConnectionTimeoutMs" classname="mflix.api.daos.TimeoutsTest" time="0.071">
    <error type="java.lang.NullPointerException">java.lang.NullPointerException
	at mflix.api.daos.TimeoutsTest.testConfiguredConnectionTimeoutMs(TimeoutsTest.java:58)
</error>
    <system-out><![CDATA[2019-08-21 14:54:17.283  INFO 29586 --- [           main] .b.t.c.SpringBootTestContextBootstrapper : Neither @ContextConfiguration nor @ContextHierarchy found for test class [mflix.api.daos.TimeoutsTest], using SpringBootContextLoader
2019-08-21 14:54:17.283  INFO 29586 --- [           main] o.s.t.c.support.AbstractContextLoader    : Could not detect default resource locations for test class [mflix.api.daos.TimeoutsTest]: no resource found for suffixes {-context.xml, Context.groovy}.
2019-08-21 14:54:17.287  INFO 29586 --- [           main] .b.t.c.SpringBootTestContextBootstrapper : Loaded default TestExecutionListener class names from location [META-INF/spring.factories]: [org.springframework.boot.test.mock.mockito.MockitoTestExecutionListener, org.springframework.boot.test.mock.mockito.ResetMocksTestExecutionListener, org.springframework.boot.test.autoconfigure.restdocs.RestDocsTestExecutionListener, org.springframework.boot.test.autoconfigure.web.client.MockRestServiceServerResetTestExecutionListener, org.springframework.boot.test.autoconfigure.web.servlet.MockMvcPrintOnlyOnFailureTestExecutionListener, org.springframework.boot.test.autoconfigure.web.servlet.WebDriverTestExecutionListener, org.springframework.test.context.web.ServletTestExecutionListener, org.springframework.test.context.support.DirtiesContextBeforeModesTestExecutionListener, org.springframework.test.context.support.DependencyInjectionTestExecutionListener, org.springframework.test.context.support.DirtiesContextTestExecutionListener, org.springframework.test.context.transaction.TransactionalTestExecutionListener, org.springframework.test.context.jdbc.SqlScriptsTestExecutionListener]
2019-08-21 14:54:17.288  INFO 29586 --- [           main] .b.t.c.SpringBootTestContextBootstrapper : Using TestExecutionListeners: [org.springframework.test.context.web.ServletTestExecutionListener@cf518cf, org.springframework.test.context.support.DirtiesContextBeforeModesTestExecutionListener@7915bca3, org.springframework.boot.test.mock.mockito.MockitoTestExecutionListener@68d651f2, org.springframework.boot.test.autoconfigure.SpringBootDependencyInjectionTestExecutionListener@3ad4a7d6, org.springframework.test.context.support.DirtiesContextTestExecutionListener@1e43e323, org.springframework.boot.test.mock.mockito.ResetMocksTestExecutionListener@4a67b4ec, org.springframework.boot.test.autoconfigure.restdocs.RestDocsTestExecutionListener@10643593, org.springframework.boot.test.autoconfigure.web.client.MockRestServiceServerResetTestExecutionListener@f91da5e, org.springframework.boot.test.autoconfigure.web.servlet.MockMvcPrintOnlyOnFailureTestExecutionListener@eca6a74, org.springframework.boot.test.autoconfigure.web.servlet.WebDriverTestExecutionListener@79fd6f95]

  .   ____          _            __ _ _
 /\\ / ___'_ __ _ _(_)_ __  __ _ \ \ \ \
( ( )\___ | '_ | '_| | '_ \/ _` | \ \ \ \
 \\/  ___)| |_)| | | | | || (_| |  ) ) ) )
  '  |____| .__|_| |_|_| |_\__, | / / / /
 =========|_|==============|___/=/_/_/_/
 :: Spring Boot ::        (v2.0.4.RELEASE)

2019-08-21 14:54:32.334  INFO 29586 --- [           main] mflix.api.daos.TimeoutsTest              : Starting TimeoutsTest on Asiss-MacBook-Pro.local with PID 29586 (started by asisbasak in /Users/asisbasak/Documents/workspace/mflix-java/mflix)
2019-08-21 14:54:32.335  INFO 29586 --- [           main] mflix.api.daos.TimeoutsTest              : No active profile set, falling back to default profiles: default
2019-08-21 14:54:32.340  INFO 29586 --- [           main] o.s.w.c.s.GenericWebApplicationContext   : Refreshing org.springframework.web.context.support.GenericWebApplicationContext@4ee6291f: startup date [Wed Aug 21 14:54:32 IST 2019]; root of context hierarchy
2019-08-21 14:54:32.732  INFO 29586 --- [           main] org.mongodb.driver.cluster               : Cluster created with settings {hosts=[mflix-shard-00-00-cnrem.mongodb.net:27017, mflix-shard-00-01-cnrem.mongodb.net:27017, mflix-shard-00-02-cnrem.mongodb.net:27017], mode=MULTIPLE, requiredClusterType=REPLICA_SET, serverSelectionTimeout='30000 ms', maxWaitQueueSize=500, requiredReplicaSetName='mflix-shard-0'}
2019-08-21 14:54:32.734  INFO 29586 --- [           main] org.mongodb.driver.cluster               : Adding discovered server mflix-shard-00-00-cnrem.mongodb.net:27017 to client view of cluster
2019-08-21 14:54:32.735  INFO 29586 --- [           main] org.mongodb.driver.cluster               : Adding discovered server mflix-shard-00-01-cnrem.mongodb.net:27017 to client view of cluster
2019-08-21 14:54:32.737  INFO 29586 --- [           main] org.mongodb.driver.cluster               : Adding discovered server mflix-shard-00-02-cnrem.mongodb.net:27017 to client view of cluster
2019-08-21 14:54:32.811  INFO 29586 --- [ngodb.net:27017] org.mongodb.driver.connection            : Opened connection [connectionId{localValue:6, serverValue:57844}] to mflix-shard-00-01-cnrem.mongodb.net:27017
2019-08-21 14:54:32.811  INFO 29586 --- [ngodb.net:27017] org.mongodb.driver.connection            : Opened connection [connectionId{localValue:7, serverValue:60257}] to mflix-shard-00-02-cnrem.mongodb.net:27017
2019-08-21 14:54:32.821  INFO 29586 --- [ngodb.net:27017] org.mongodb.driver.cluster               : Monitor thread successfully connected to server with description ServerDescription{address=mflix-shard-00-02-cnrem.mongodb.net:27017, type=REPLICA_SET_SECONDARY, state=CONNECTED, ok=true, version=ServerVersion{versionList=[4, 0, 12]}, minWireVersion=0, maxWireVersion=7, maxDocumentSize=16777216, logicalSessionTimeoutMinutes=30, roundTripTimeNanos=8964942, setName='mflix-shard-0', canonicalAddress=mflix-shard-00-02-cnrem.mongodb.net:27017, hosts=[mflix-shard-00-00-cnrem.mongodb.net:27017, mflix-shard-00-01-cnrem.mongodb.net:27017, mflix-shard-00-02-cnrem.mongodb.net:27017], passives=[], arbiters=[], primary='mflix-shard-00-00-cnrem.mongodb.net:27017', tagSet=TagSet{[Tag{name='region', value='AP_SOUTH_1'}, Tag{name='provider', value='AWS'}, Tag{name='nodeType', value='ELECTABLE'}]}, electionId=null, setVersion=1, lastWriteDate=Wed Aug 21 14:54:43 IST 2019, lastUpdateTimeNanos=297240331394590}
2019-08-21 14:54:32.820  INFO 29586 --- [ngodb.net:27017] org.mongodb.driver.connection            : Opened connection [connectionId{localValue:5, serverValue:73043}] to mflix-shard-00-00-cnrem.mongodb.net:27017
2019-08-21 14:54:32.824  INFO 29586 --- [ngodb.net:27017] org.mongodb.driver.cluster               : Monitor thread successfully connected to server with description ServerDescription{address=mflix-shard-00-01-cnrem.mongodb.net:27017, type=REPLICA_SET_SECONDARY, state=CONNECTED, ok=true, version=ServerVersion{versionList=[4, 0, 12]}, minWireVersion=0, maxWireVersion=7, maxDocumentSize=16777216, logicalSessionTimeoutMinutes=30, roundTripTimeNanos=12151070, setName='mflix-shard-0', canonicalAddress=mflix-shard-00-01-cnrem.mongodb.net:27017, hosts=[mflix-shard-00-00-cnrem.mongodb.net:27017, mflix-shard-00-01-cnrem.mongodb.net:27017, mflix-shard-00-02-cnrem.mongodb.net:27017], passives=[], arbiters=[], primary='mflix-shard-00-00-cnrem.mongodb.net:27017', tagSet=TagSet{[Tag{name='region', value='AP_SOUTH_1'}, Tag{name='provider', value='AWS'}, Tag{name='nodeType', value='ELECTABLE'}]}, electionId=null, setVersion=1, lastWriteDate=Wed Aug 21 14:54:43 IST 2019, lastUpdateTimeNanos=297240334526609}
2019-08-21 14:54:32.835  INFO 29586 --- [ngodb.net:27017] org.mongodb.driver.cluster               : Monitor thread successfully connected to server with description ServerDescription{address=mflix-shard-00-00-cnrem.mongodb.net:27017, type=REPLICA_SET_PRIMARY, state=CONNECTED, ok=true, version=ServerVersion{versionList=[4, 0, 12]}, minWireVersion=0, maxWireVersion=7, maxDocumentSize=16777216, logicalSessionTimeoutMinutes=30, roundTripTimeNanos=13461542, setName='mflix-shard-0', canonicalAddress=mflix-shard-00-00-cnrem.mongodb.net:27017, hosts=[mflix-shard-00-00-cnrem.mongodb.net:27017, mflix-shard-00-01-cnrem.mongodb.net:27017, mflix-shard-00-02-cnrem.mongodb.net:27017], passives=[], arbiters=[], primary='mflix-shard-00-00-cnrem.mongodb.net:27017', tagSet=TagSet{[Tag{name='region', value='AP_SOUTH_1'}, Tag{name='provider', value='AWS'}, Tag{name='nodeType', value='ELECTABLE'}]}, electionId=7fffffff0000000000000011, setVersion=1, lastWriteDate=Wed Aug 21 14:54:43 IST 2019, lastUpdateTimeNanos=297240345984510}
2019-08-21 14:54:32.835  INFO 29586 --- [ngodb.net:27017] org.mongodb.driver.cluster               : Setting max election id to 7fffffff0000000000000011 from replica set primary mflix-shard-00-00-cnrem.mongodb.net:27017
2019-08-21 14:54:32.836  INFO 29586 --- [ngodb.net:27017] org.mongodb.driver.cluster               : Setting max set version to 1 from replica set primary mflix-shard-00-00-cnrem.mongodb.net:27017
2019-08-21 14:54:32.836  INFO 29586 --- [ngodb.net:27017] org.mongodb.driver.cluster               : Discovered replica set primary mflix-shard-00-00-cnrem.mongodb.net:27017
2019-08-21 14:54:32.937  INFO 29586 --- [           main] o.s.w.s.handler.SimpleUrlHandlerMapping  : Mapped URL path [/**/favicon.ico] onto handler of type [class org.springframework.web.servlet.resource.ResourceHttpRequestHandler]
2019-08-21 14:54:33.062  INFO 29586 --- [           main] s.w.s.m.m.a.RequestMappingHandlerAdapter : Looking for @ControllerAdvice: org.springframework.web.context.support.GenericWebApplicationContext@4ee6291f: startup date [Wed Aug 21 14:54:32 IST 2019]; root of context hierarchy
2019-08-21 14:54:33.084  INFO 29586 --- [           main] s.w.s.m.m.a.RequestMappingHandlerMapping : Mapped "{[/error]}" onto public org.springframework.http.ResponseEntity<java.util.Map<java.lang.String, java.lang.Object>> org.springframework.boot.autoconfigure.web.servlet.error.BasicErrorController.error(javax.servlet.http.HttpServletRequest)
2019-08-21 14:54:33.085  INFO 29586 --- [           main] s.w.s.m.m.a.RequestMappingHandlerMapping : Mapped "{[/error],produces=[text/html]}" onto public org.springframework.web.servlet.ModelAndView org.springframework.boot.autoconfigure.web.servlet.error.BasicErrorController.errorHtml(javax.servlet.http.HttpServletRequest,javax.servlet.http.HttpServletResponse)
2019-08-21 14:54:33.111  INFO 29586 --- [           main] o.s.w.s.handler.SimpleUrlHandlerMapping  : Mapped URL path [/webjars/**] onto handler of type [class org.springframework.web.servlet.resource.ResourceHttpRequestHandler]
2019-08-21 14:54:33.112  INFO 29586 --- [           main] o.s.w.s.handler.SimpleUrlHandlerMapping  : Mapped URL path [/**] onto handler of type [class org.springframework.web.servlet.resource.ResourceHttpRequestHandler]
2019-08-21 14:54:33.163  INFO 29586 --- [           main] o.s.b.a.w.s.WelcomePageHandlerMapping    : Adding welcome page: class path resource [build/index.html]
2019-08-21 14:54:33.298  INFO 29586 --- [           main] .s.s.UserDetailsServiceAutoConfiguration : 

Using generated security password: e200f853-9765-42fe-ba5d-2ee59f8689b2

2019-08-21 14:54:33.387  INFO 29586 --- [           main] o.s.s.web.DefaultSecurityFilterChain     : Creating filter chain: org.springframework.security.web.util.matcher.AnyRequestMatcher@1, [org.springframework.security.web.context.request.async.WebAsyncManagerIntegrationFilter@7132a9dc, org.springframework.security.web.context.SecurityContextPersistenceFilter@37045b48, org.springframework.security.web.header.HeaderWriterFilter@7f5b9db, org.springframework.security.web.csrf.CsrfFilter@47c40b56, org.springframework.security.web.authentication.logout.LogoutFilter@640ab13c, org.springframework.security.web.authentication.UsernamePasswordAuthenticationFilter@4527f70a, org.springframework.security.web.authentication.ui.DefaultLoginPageGeneratingFilter@71c17a57, org.springframework.security.web.authentication.www.BasicAuthenticationFilter@707b1a44, org.springframework.security.web.savedrequest.RequestCacheAwareFilter@60b34931, org.springframework.security.web.servletapi.SecurityContextHolderAwareRequestFilter@4aa21f9d, org.springframework.security.web.authentication.AnonymousAuthenticationFilter@57435801, org.springframework.security.web.session.SessionManagementFilter@507d64aa, org.springframework.security.web.access.ExceptionTranslationFilter@4b039c6d, org.springframework.security.web.access.intercept.FilterSecurityInterceptor@fd53053]
2019-08-21 14:54:33.452  INFO 29586 --- [           main] mflix.api.daos.TimeoutsTest              : Started TimeoutsTest in 16.161 seconds (JVM running for 42.025)
2019-08-21 14:54:33.484  INFO 29586 --- [           main] org.mongodb.driver.cluster               : Cluster created with settings {hosts=[mflix-shard-00-00-cnrem.mongodb.net:27017, mflix-shard-00-01-cnrem.mongodb.net:27017, mflix-shard-00-02-cnrem.mongodb.net:27017], mode=MULTIPLE, requiredClusterType=REPLICA_SET, serverSelectionTimeout='30000 ms', maxWaitQueueSize=500, requiredReplicaSetName='mflix-shard-0'}
2019-08-21 14:54:33.486  INFO 29586 --- [           main] org.mongodb.driver.cluster               : Adding discovered server mflix-shard-00-00-cnrem.mongodb.net:27017 to client view of cluster
2019-08-21 14:54:33.490  INFO 29586 --- [           main] org.mongodb.driver.cluster               : Adding discovered server mflix-shard-00-01-cnrem.mongodb.net:27017 to client view of cluster
2019-08-21 14:54:33.493  INFO 29586 --- [           main] org.mongodb.driver.cluster               : Adding discovered server mflix-shard-00-02-cnrem.mongodb.net:27017 to client view of cluster
]]></system-out>
  </testcase>
  <testcase name="testConfiguredWtimeout" classname="mflix.api.daos.TimeoutsTest" time="0.145">
    <error type="java.lang.NullPointerException">java.lang.NullPointerException
	at mflix.api.daos.TimeoutsTest.testConfiguredWtimeout(TimeoutsTest.java:49)
</error>
    <system-out><![CDATA[2019-08-21 14:54:33.545  INFO 29586 --- [ngodb.net:27017] org.mongodb.driver.connection            : Opened connection [connectionId{localValue:9, serverValue:57844}] to mflix-shard-00-01-cnrem.mongodb.net:27017
2019-08-21 14:54:33.549  INFO 29586 --- [ngodb.net:27017] org.mongodb.driver.connection            : Opened connection [connectionId{localValue:8, serverValue:71756}] to mflix-shard-00-00-cnrem.mongodb.net:27017
2019-08-21 14:54:33.553  INFO 29586 --- [ngodb.net:27017] org.mongodb.driver.cluster               : Monitor thread successfully connected to server with description ServerDescription{address=mflix-shard-00-01-cnrem.mongodb.net:27017, type=REPLICA_SET_SECONDARY, state=CONNECTED, ok=true, version=ServerVersion{versionList=[4, 0, 12]}, minWireVersion=0, maxWireVersion=7, maxDocumentSize=16777216, logicalSessionTimeoutMinutes=30, roundTripTimeNanos=7263447, setName='mflix-shard-0', canonicalAddress=mflix-shard-00-01-cnrem.mongodb.net:27017, hosts=[mflix-shard-00-00-cnrem.mongodb.net:27017, mflix-shard-00-01-cnrem.mongodb.net:27017, mflix-shard-00-02-cnrem.mongodb.net:27017], passives=[], arbiters=[], primary='mflix-shard-00-00-cnrem.mongodb.net:27017', tagSet=TagSet{[Tag{name='region', value='AP_SOUTH_1'}, Tag{name='provider', value='AWS'}, Tag{name='nodeType', value='ELECTABLE'}]}, electionId=null, setVersion=1, lastWriteDate=Wed Aug 21 14:54:43 IST 2019, lastUpdateTimeNanos=297241063994778}
2019-08-21 14:54:33.554  INFO 29586 --- [           main] org.mongodb.driver.cluster               : Cluster created with settings {hosts=[mflix-shard-00-00-cnrem.mongodb.net:27017, mflix-shard-00-01-cnrem.mongodb.net:27017, mflix-shard-00-02-cnrem.mongodb.net:27017], mode=MULTIPLE, requiredClusterType=REPLICA_SET, serverSelectionTimeout='30000 ms', maxWaitQueueSize=500, requiredReplicaSetName='mflix-shard-0'}
2019-08-21 14:54:33.554  INFO 29586 --- [           main] org.mongodb.driver.cluster               : Adding discovered server mflix-shard-00-00-cnrem.mongodb.net:27017 to client view of cluster
2019-08-21 14:54:33.556  INFO 29586 --- [ngodb.net:27017] org.mongodb.driver.connection            : Opened connection [connectionId{localValue:10, serverValue:60257}] to mflix-shard-00-02-cnrem.mongodb.net:27017
2019-08-21 14:54:33.558  INFO 29586 --- [ngodb.net:27017] org.mongodb.driver.cluster               : Monitor thread successfully connected to server with description ServerDescription{address=mflix-shard-00-00-cnrem.mongodb.net:27017, type=REPLICA_SET_PRIMARY, state=CONNECTED, ok=true, version=ServerVersion{versionList=[4, 0, 12]}, minWireVersion=0, maxWireVersion=7, maxDocumentSize=16777216, logicalSessionTimeoutMinutes=30, roundTripTimeNanos=8644990, setName='mflix-shard-0', canonicalAddress=mflix-shard-00-00-cnrem.mongodb.net:27017, hosts=[mflix-shard-00-00-cnrem.mongodb.net:27017, mflix-shard-00-01-cnrem.mongodb.net:27017, mflix-shard-00-02-cnrem.mongodb.net:27017], passives=[], arbiters=[], primary='mflix-shard-00-00-cnrem.mongodb.net:27017', tagSet=TagSet{[Tag{name='region', value='AP_SOUTH_1'}, Tag{name='provider', value='AWS'}, Tag{name='nodeType', value='ELECTABLE'}]}, electionId=7fffffff0000000000000011, setVersion=1, lastWriteDate=Wed Aug 21 14:54:43 IST 2019, lastUpdateTimeNanos=297241069017916}
2019-08-21 14:54:33.558  INFO 29586 --- [ngodb.net:27017] org.mongodb.driver.cluster               : Setting max election id to 7fffffff0000000000000011 from replica set primary mflix-shard-00-00-cnrem.mongodb.net:27017
2019-08-21 14:54:33.558  INFO 29586 --- [           main] org.mongodb.driver.cluster               : Adding discovered server mflix-shard-00-01-cnrem.mongodb.net:27017 to client view of cluster
2019-08-21 14:54:33.558  INFO 29586 --- [ngodb.net:27017] org.mongodb.driver.cluster               : Setting max set version to 1 from replica set primary mflix-shard-00-00-cnrem.mongodb.net:27017
2019-08-21 14:54:33.562  INFO 29586 --- [ngodb.net:27017] org.mongodb.driver.cluster               : Discovered replica set primary mflix-shard-00-00-cnrem.mongodb.net:27017
2019-08-21 14:54:33.565  INFO 29586 --- [           main] org.mongodb.driver.cluster               : Adding discovered server mflix-shard-00-02-cnrem.mongodb.net:27017 to client view of cluster
]]></system-out>
  </testcase>
</testsuite>