<?xml version="1.0" encoding="UTF-8"?>
<testsuite xmlns:xsi="http://www.w3.org/2001/XMLSchema-instance" xsi:noNamespaceSchemaLocation="https://maven.apache.org/surefire/maven-surefire-plugin/xsd/surefire-test-report.xsd" name="mflix.api.daos.TimeoutsTest" time="16.472" tests="2" errors="2" skipped="0" failures="0">
  <properties>
[...]
</properties>
  <testcase name="testConfiguredConnectionTimeoutMs" classname="mflix.api.daos.TimeoutsTest" time="0.124">
    <error type="java.lang.NullPointerException">java.lang.NullPointerException
	at mflix.api.daos.TimeoutsTest.testConfiguredConnectionTimeoutMs(TimeoutsTest.java:58)
</error>
    <system-out><![CDATA[2019-12-03 20:48:01.522  INFO 19840 --- [           main] .b.t.c.SpringBootTestContextBootstrapper : Neither @ContextConfiguration nor @ContextHierarchy found for test class [mflix.api.daos.TimeoutsTest], using SpringBootContextLoader
2019-12-03 20:48:01.522  INFO 19840 --- [           main] o.s.t.c.support.AbstractContextLoader    : Could not detect default resource locations for test class [mflix.api.daos.TimeoutsTest]: no resource found for suffixes {-context.xml, Context.groovy}.
2019-12-03 20:48:01.532  INFO 19840 --- [           main] .b.t.c.SpringBootTestContextBootstrapper : Loaded default TestExecutionListener class names from location [META-INF/spring.factories]: [org.springframework.boot.test.mock.mockito.MockitoTestExecutionListener, org.springframework.boot.test.mock.mockito.ResetMocksTestExecutionListener, org.springframework.boot.test.autoconfigure.restdocs.RestDocsTestExecutionListener, org.springframework.boot.test.autoconfigure.web.client.MockRestServiceServerResetTestExecutionListener, org.springframework.boot.test.autoconfigure.web.servlet.MockMvcPrintOnlyOnFailureTestExecutionListener, org.springframework.boot.test.autoconfigure.web.servlet.WebDriverTestExecutionListener, org.springframework.test.context.web.ServletTestExecutionListener, org.springframework.test.context.support.DirtiesContextBeforeModesTestExecutionListener, org.springframework.test.context.support.DependencyInjectionTestExecutionListener, org.springframework.test.context.support.DirtiesContextTestExecutionListener, org.springframework.test.context.transaction.TransactionalTestExecutionListener, org.springframework.test.context.jdbc.SqlScriptsTestExecutionListener]
2019-12-03 20:48:01.533  INFO 19840 --- [           main] .b.t.c.SpringBootTestContextBootstrapper : Using TestExecutionListeners: [org.springframework.test.context.web.ServletTestExecutionListener@48840594, org.springframework.test.context.support.DirtiesContextBeforeModesTestExecutionListener@49c675f0, org.springframework.boot.test.mock.mockito.MockitoTestExecutionListener@14823f76, org.springframework.boot.test.autoconfigure.SpringBootDependencyInjectionTestExecutionListener@6917bb4, org.springframework.test.context.support.DirtiesContextTestExecutionListener@6ed16657, org.springframework.boot.test.mock.mockito.ResetMocksTestExecutionListener@1442f788, org.springframework.boot.test.autoconfigure.restdocs.RestDocsTestExecutionListener@113e13f9, org.springframework.boot.test.autoconfigure.web.client.MockRestServiceServerResetTestExecutionListener@1c7f96b1, org.springframework.boot.test.autoconfigure.web.servlet.MockMvcPrintOnlyOnFailureTestExecutionListener@7979b8b7, org.springframework.boot.test.autoconfigure.web.servlet.WebDriverTestExecutionListener@7a04fea7]

  .   ____          _            __ _ _
 /\\ / ___'_ __ _ _(_)_ __  __ _ \ \ \ \
( ( )\___ | '_ | '_| | '_ \/ _` | \ \ \ \
 \\/  ___)| |_)| | | | | || (_| |  ) ) ) )
  '  |____| .__|_| |_|_| |_\__, | / / / /
 =========|_|==============|___/=/_/_/_/
 :: Spring Boot ::        (v2.0.4.RELEASE)

2019-12-03 20:48:16.589  INFO 19840 --- [           main] mflix.api.daos.TimeoutsTest              : Starting TimeoutsTest on Asiss-MacBook-Pro.local with PID 19840 (started by asisbasak in /Users/asisbasak/Documents/workspace/mflix-java/mflix)
2019-12-03 20:48:16.590  INFO 19840 --- [           main] mflix.api.daos.TimeoutsTest              : No active profile set, falling back to default profiles: default
2019-12-03 20:48:16.596  INFO 19840 --- [           main] o.s.w.c.s.GenericWebApplicationContext   : Refreshing org.springframework.web.context.support.GenericWebApplicationContext@a62c7cd: startup date [Tue Dec 03 20:48:16 IST 2019]; root of context hierarchy
2019-12-03 20:48:17.026  INFO 19840 --- [           main] org.mongodb.driver.cluster               : Cluster created with settings {hosts=[m220js-shard-00-00-htida.mongodb.net:27017, m220js-shard-00-01-htida.mongodb.net:27017, m220js-shard-00-02-htida.mongodb.net:27017], mode=MULTIPLE, requiredClusterType=REPLICA_SET, serverSelectionTimeout='30000 ms', maxWaitQueueSize=500, requiredReplicaSetName='m220js-shard-0'}
2019-12-03 20:48:17.026  INFO 19840 --- [           main] org.mongodb.driver.cluster               : Adding discovered server m220js-shard-00-00-htida.mongodb.net:27017 to client view of cluster
2019-12-03 20:48:17.029  INFO 19840 --- [           main] org.mongodb.driver.cluster               : Adding discovered server m220js-shard-00-01-htida.mongodb.net:27017 to client view of cluster
2019-12-03 20:48:17.030  INFO 19840 --- [           main] org.mongodb.driver.cluster               : Adding discovered server m220js-shard-00-02-htida.mongodb.net:27017 to client view of cluster
2019-12-03 20:48:17.205  INFO 19840 --- [           main] o.s.w.s.handler.SimpleUrlHandlerMapping  : Mapped URL path [/**/favicon.ico] onto handler of type [class org.springframework.web.servlet.resource.ResourceHttpRequestHandler]
2019-12-03 20:48:17.307  INFO 19840 --- [           main] s.w.s.m.m.a.RequestMappingHandlerAdapter : Looking for @ControllerAdvice: org.springframework.web.context.support.GenericWebApplicationContext@a62c7cd: startup date [Tue Dec 03 20:48:16 IST 2019]; root of context hierarchy
2019-12-03 20:48:17.325  INFO 19840 --- [           main] s.w.s.m.m.a.RequestMappingHandlerMapping : Mapped "{[/error]}" onto public org.springframework.http.ResponseEntity<java.util.Map<java.lang.String, java.lang.Object>> org.springframework.boot.autoconfigure.web.servlet.error.BasicErrorController.error(javax.servlet.http.HttpServletRequest)
2019-12-03 20:48:17.329  INFO 19840 --- [           main] s.w.s.m.m.a.RequestMappingHandlerMapping : Mapped "{[/error],produces=[text/html]}" onto public org.springframework.web.servlet.ModelAndView org.springframework.boot.autoconfigure.web.servlet.error.BasicErrorController.errorHtml(javax.servlet.http.HttpServletRequest,javax.servlet.http.HttpServletResponse)
2019-12-03 20:48:17.387  INFO 19840 --- [           main] o.s.w.s.handler.SimpleUrlHandlerMapping  : Mapped URL path [/webjars/**] onto handler of type [class org.springframework.web.servlet.resource.ResourceHttpRequestHandler]
2019-12-03 20:48:17.389  INFO 19840 --- [           main] o.s.w.s.handler.SimpleUrlHandlerMapping  : Mapped URL path [/**] onto handler of type [class org.springframework.web.servlet.resource.ResourceHttpRequestHandler]
2019-12-03 20:48:17.403  INFO 19840 --- [ngodb.net:27017] org.mongodb.driver.connection            : Opened connection [connectionId{localValue:5, serverValue:3293621}] to m220js-shard-00-00-htida.mongodb.net:27017
2019-12-03 20:48:17.413  INFO 19840 --- [ngodb.net:27017] org.mongodb.driver.connection            : Opened connection [connectionId{localValue:7, serverValue:1418023}] to m220js-shard-00-02-htida.mongodb.net:27017
2019-12-03 20:48:17.414  INFO 19840 --- [ngodb.net:27017] org.mongodb.driver.connection            : Opened connection [connectionId{localValue:6, serverValue:1476830}] to m220js-shard-00-01-htida.mongodb.net:27017
2019-12-03 20:48:17.438  INFO 19840 --- [           main] o.s.b.a.w.s.WelcomePageHandlerMapping    : Adding welcome page: class path resource [build/index.html]
2019-12-03 20:48:17.462  INFO 19840 --- [ngodb.net:27017] org.mongodb.driver.cluster               : Monitor thread successfully connected to server with description ServerDescription{address=m220js-shard-00-00-htida.mongodb.net:27017, type=REPLICA_SET_PRIMARY, state=CONNECTED, ok=true, version=ServerVersion{versionList=[4, 0, 13]}, minWireVersion=0, maxWireVersion=7, maxDocumentSize=16777216, logicalSessionTimeoutMinutes=30, roundTripTimeNanos=59106612, setName='m220js-shard-0', canonicalAddress=m220js-shard-00-00-htida.mongodb.net:27017, hosts=[m220js-shard-00-01-htida.mongodb.net:27017, m220js-shard-00-02-htida.mongodb.net:27017, m220js-shard-00-00-htida.mongodb.net:27017], passives=[], arbiters=[], primary='m220js-shard-00-00-htida.mongodb.net:27017', tagSet=TagSet{[Tag{name='region', value='AP_SOUTHEAST_1'}, Tag{name='provider', value='AWS'}, Tag{name='nodeType', value='ELECTABLE'}]}, electionId=7fffffff0000000000000005, setVersion=1, lastWriteDate=Tue Dec 03 20:48:03 IST 2019, lastUpdateTimeNanos=152374769989418}
2019-12-03 20:48:17.464  INFO 19840 --- [ngodb.net:27017] org.mongodb.driver.cluster               : Setting max election id to 7fffffff0000000000000005 from replica set primary m220js-shard-00-00-htida.mongodb.net:27017
2019-12-03 20:48:17.464  INFO 19840 --- [ngodb.net:27017] org.mongodb.driver.cluster               : Setting max set version to 1 from replica set primary m220js-shard-00-00-htida.mongodb.net:27017
2019-12-03 20:48:17.464  INFO 19840 --- [ngodb.net:27017] org.mongodb.driver.cluster               : Discovered replica set primary m220js-shard-00-00-htida.mongodb.net:27017
2019-12-03 20:48:17.473  INFO 19840 --- [ngodb.net:27017] org.mongodb.driver.cluster               : Monitor thread successfully connected to server with description ServerDescription{address=m220js-shard-00-02-htida.mongodb.net:27017, type=REPLICA_SET_SECONDARY, state=CONNECTED, ok=true, version=ServerVersion{versionList=[4, 0, 13]}, minWireVersion=0, maxWireVersion=7, maxDocumentSize=16777216, logicalSessionTimeoutMinutes=30, roundTripTimeNanos=59897165, setName='m220js-shard-0', canonicalAddress=m220js-shard-00-02-htida.mongodb.net:27017, hosts=[m220js-shard-00-01-htida.mongodb.net:27017, m220js-shard-00-02-htida.mongodb.net:27017, m220js-shard-00-00-htida.mongodb.net:27017], passives=[], arbiters=[], primary='m220js-shard-00-00-htida.mongodb.net:27017', tagSet=TagSet{[Tag{name='region', value='AP_SOUTHEAST_1'}, Tag{name='provider', value='AWS'}, Tag{name='nodeType', value='ELECTABLE'}]}, electionId=null, setVersion=1, lastWriteDate=Tue Dec 03 20:48:03 IST 2019, lastUpdateTimeNanos=152374780845177}
2019-12-03 20:48:17.475  INFO 19840 --- [ngodb.net:27017] org.mongodb.driver.cluster               : Monitor thread successfully connected to server with description ServerDescription{address=m220js-shard-00-01-htida.mongodb.net:27017, type=REPLICA_SET_SECONDARY, state=CONNECTED, ok=true, version=ServerVersion{versionList=[4, 0, 13]}, minWireVersion=0, maxWireVersion=7, maxDocumentSize=16777216, logicalSessionTimeoutMinutes=30, roundTripTimeNanos=60610199, setName='m220js-shard-0', canonicalAddress=m220js-shard-00-01-htida.mongodb.net:27017, hosts=[m220js-shard-00-01-htida.mongodb.net:27017, m220js-shard-00-02-htida.mongodb.net:27017, m220js-shard-00-00-htida.mongodb.net:27017], passives=[], arbiters=[], primary='m220js-shard-00-00-htida.mongodb.net:27017', tagSet=TagSet{[Tag{name='region', value='AP_SOUTHEAST_1'}, Tag{name='provider', value='AWS'}, Tag{name='nodeType', value='ELECTABLE'}]}, electionId=null, setVersion=1, lastWriteDate=Tue Dec 03 20:48:03 IST 2019, lastUpdateTimeNanos=152374782817829}
2019-12-03 20:48:17.615  INFO 19840 --- [           main] .s.s.UserDetailsServiceAutoConfiguration : 

Using generated security password: 292ba1d0-e488-4676-99af-e37192d9e3c4

2019-12-03 20:48:17.749  INFO 19840 --- [           main] o.s.s.web.DefaultSecurityFilterChain     : Creating filter chain: org.springframework.security.web.util.matcher.AnyRequestMatcher@1, [org.springframework.security.web.context.request.async.WebAsyncManagerIntegrationFilter@5c723f2d, org.springframework.security.web.context.SecurityContextPersistenceFilter@707b1a44, org.springframework.security.web.header.HeaderWriterFilter@fd53053, org.springframework.security.web.csrf.CsrfFilter@440e3ce6, org.springframework.security.web.authentication.logout.LogoutFilter@527fc8e, org.springframework.security.web.authentication.UsernamePasswordAuthenticationFilter@178f268a, org.springframework.security.web.authentication.ui.DefaultLoginPageGeneratingFilter@2da66a44, org.springframework.security.web.authentication.www.BasicAuthenticationFilter@33ecbd6c, org.springframework.security.web.savedrequest.RequestCacheAwareFilter@7132a9dc, org.springframework.security.web.servletapi.SecurityContextHolderAwareRequestFilter@57435801, org.springframework.security.web.authentication.AnonymousAuthenticationFilter@432f521f, org.springframework.security.web.session.SessionManagementFilter@4527f70a, org.springframework.security.web.access.ExceptionTranslationFilter@3e67f5f2, org.springframework.security.web.access.intercept.FilterSecurityInterceptor@862f408]
2019-12-03 20:48:17.805  INFO 19840 --- [           main] mflix.api.daos.TimeoutsTest              : Started TimeoutsTest in 16.265 seconds (JVM running for 43.46)
2019-12-03 20:48:17.850  INFO 19840 --- [           main] org.mongodb.driver.cluster               : Cluster created with settings {hosts=[m220js-shard-00-00-htida.mongodb.net:27017, m220js-shard-00-01-htida.mongodb.net:27017, m220js-shard-00-02-htida.mongodb.net:27017], mode=MULTIPLE, requiredClusterType=REPLICA_SET, serverSelectionTimeout='30000 ms', maxWaitQueueSize=500, requiredReplicaSetName='m220js-shard-0'}
2019-12-03 20:48:17.850  INFO 19840 --- [           main] org.mongodb.driver.cluster               : Adding discovered server m220js-shard-00-00-htida.mongodb.net:27017 to client view of cluster
2019-12-03 20:48:17.852  INFO 19840 --- [           main] org.mongodb.driver.cluster               : Adding discovered server m220js-shard-00-01-htida.mongodb.net:27017 to client view of cluster
2019-12-03 20:48:17.853  INFO 19840 --- [           main] org.mongodb.driver.cluster               : Adding discovered server m220js-shard-00-02-htida.mongodb.net:27017 to client view of cluster
]]></system-out>
  </testcase>
  <testcase name="testConfiguredWtimeout" classname="mflix.api.daos.TimeoutsTest" time="0.047">
    <error type="java.lang.NullPointerException">java.lang.NullPointerException
	at mflix.api.daos.TimeoutsTest.testConfiguredWtimeout(TimeoutsTest.java:49)
</error>
    <system-out><![CDATA[2019-12-03 20:48:17.975  INFO 19840 --- [           main] org.mongodb.driver.cluster               : Cluster created with settings {hosts=[m220js-shard-00-00-htida.mongodb.net:27017, m220js-shard-00-01-htida.mongodb.net:27017, m220js-shard-00-02-htida.mongodb.net:27017], mode=MULTIPLE, requiredClusterType=REPLICA_SET, serverSelectionTimeout='30000 ms', maxWaitQueueSize=500, requiredReplicaSetName='m220js-shard-0'}
2019-12-03 20:48:17.975  INFO 19840 --- [           main] org.mongodb.driver.cluster               : Adding discovered server m220js-shard-00-00-htida.mongodb.net:27017 to client view of cluster
2019-12-03 20:48:17.976  INFO 19840 --- [           main] org.mongodb.driver.cluster               : Adding discovered server m220js-shard-00-01-htida.mongodb.net:27017 to client view of cluster
2019-12-03 20:48:17.977  INFO 19840 --- [           main] org.mongodb.driver.cluster               : Adding discovered server m220js-shard-00-02-htida.mongodb.net:27017 to client view of cluster
]]></system-out>
  </testcase>
</testsuite>