<?xml version="1.0" encoding="UTF-8"?>
<testsuite xmlns:xsi="http://www.w3.org/2001/XMLSchema-instance" xsi:noNamespaceSchemaLocation="https://maven.apache.org/surefire/maven-surefire-plugin/xsd/surefire-test-report.xsd" name="mflix.api.daos.MigrationTest" time="2.321" tests="2" errors="0" skipped="0" failures="1">
  <properties>
[...]
</properties>
  <testcase name="testAllDocumentsIMDBRatingNumber" classname="mflix.api.daos.MigrationTest" time="1.142">
    <failure message="Should not find documents where `imdb.rating` is of not of `number` type expected:&lt;0&gt; but was:&lt;61&gt;" type="java.lang.AssertionError"><![CDATA[java.lang.AssertionError: Should not find documents where `imdb.rating` is of not of `number` type expected:<0> but was:<61>
	at mflix.api.daos.MigrationTest.testAllDocumentsIMDBRatingNumber(MigrationTest.java:42)
]]></failure>
    <system-out><![CDATA[2019-12-13 16:38:19.475  WARN 4383 --- [           main] org.mongodb.driver.uri                   : Uri option 'wtimeout' has been deprecated, use 'wtimeoutms' instead.
2019-12-13 16:38:19.476  INFO 4383 --- [           main] org.mongodb.driver.cluster               : Cluster created with settings {hosts=[m220js-shard-00-00-htida.mongodb.net:27017, m220js-shard-00-01-htida.mongodb.net:27017, m220js-shard-00-02-htida.mongodb.net:27017], mode=MULTIPLE, requiredClusterType=REPLICA_SET, serverSelectionTimeout='30000 ms', maxWaitQueueSize=250, requiredReplicaSetName='m220js-shard-0'}
2019-12-13 16:38:19.476  INFO 4383 --- [           main] org.mongodb.driver.cluster               : Adding discovered server m220js-shard-00-00-htida.mongodb.net:27017 to client view of cluster
2019-12-13 16:38:19.476  INFO 4383 --- [           main] org.mongodb.driver.cluster               : Adding discovered server m220js-shard-00-01-htida.mongodb.net:27017 to client view of cluster
2019-12-13 16:38:19.477  INFO 4383 --- [           main] org.mongodb.driver.cluster               : Adding discovered server m220js-shard-00-02-htida.mongodb.net:27017 to client view of cluster
2019-12-13 16:38:19.480  INFO 4383 --- [           main] org.mongodb.driver.cluster               : No server chosen by com.mongodb.client.internal.MongoClientDelegate$1@26fb4d06 from cluster description ClusterDescription{type=REPLICA_SET, connectionMode=MULTIPLE, serverDescriptions=[ServerDescription{address=m220js-shard-00-02-htida.mongodb.net:27017, type=UNKNOWN, state=CONNECTING}, ServerDescription{address=m220js-shard-00-01-htida.mongodb.net:27017, type=UNKNOWN, state=CONNECTING}, ServerDescription{address=m220js-shard-00-00-htida.mongodb.net:27017, type=UNKNOWN, state=CONNECTING}]}. Waiting for 30000 ms before timing out
2019-12-13 16:38:19.850  INFO 4383 --- [ngodb.net:27017] org.mongodb.driver.connection            : Opened connection [connectionId{localValue:22, serverValue:18610}] to m220js-shard-00-00-htida.mongodb.net:27017
2019-12-13 16:38:19.851  INFO 4383 --- [ngodb.net:27017] org.mongodb.driver.connection            : Opened connection [connectionId{localValue:24, serverValue:3356}] to m220js-shard-00-02-htida.mongodb.net:27017
2019-12-13 16:38:19.852  INFO 4383 --- [ngodb.net:27017] org.mongodb.driver.connection            : Opened connection [connectionId{localValue:23, serverValue:28526}] to m220js-shard-00-01-htida.mongodb.net:27017
2019-12-13 16:38:19.910  INFO 4383 --- [ngodb.net:27017] org.mongodb.driver.cluster               : Monitor thread successfully connected to server with description ServerDescription{address=m220js-shard-00-00-htida.mongodb.net:27017, type=REPLICA_SET_SECONDARY, state=CONNECTED, ok=true, version=ServerVersion{versionList=[4, 0, 13]}, minWireVersion=0, maxWireVersion=7, maxDocumentSize=16777216, logicalSessionTimeoutMinutes=30, roundTripTimeNanos=59980600, setName='m220js-shard-0', canonicalAddress=m220js-shard-00-00-htida.mongodb.net:27017, hosts=[m220js-shard-00-01-htida.mongodb.net:27017, m220js-shard-00-02-htida.mongodb.net:27017, m220js-shard-00-00-htida.mongodb.net:27017], passives=[], arbiters=[], primary='m220js-shard-00-01-htida.mongodb.net:27017', tagSet=TagSet{[Tag{name='region', value='AP_SOUTHEAST_1'}, Tag{name='provider', value='AWS'}, Tag{name='nodeType', value='ELECTABLE'}]}, electionId=null, setVersion=1, lastWriteDate=Fri Dec 13 16:38:12 IST 2019, lastUpdateTimeNanos=10613371584773}
2019-12-13 16:38:19.911  INFO 4383 --- [           main] org.mongodb.driver.cluster               : No server chosen by ReadPreferenceServerSelector{readPreference=primary} from cluster description ClusterDescription{type=REPLICA_SET, connectionMode=MULTIPLE, serverDescriptions=[ServerDescription{address=m220js-shard-00-02-htida.mongodb.net:27017, type=UNKNOWN, state=CONNECTING}, ServerDescription{address=m220js-shard-00-01-htida.mongodb.net:27017, type=UNKNOWN, state=CONNECTING}, ServerDescription{address=m220js-shard-00-00-htida.mongodb.net:27017, type=REPLICA_SET_SECONDARY, state=CONNECTED, ok=true, version=ServerVersion{versionList=[4, 0, 13]}, minWireVersion=0, maxWireVersion=7, maxDocumentSize=16777216, logicalSessionTimeoutMinutes=30, roundTripTimeNanos=59980600, setName='m220js-shard-0', canonicalAddress=m220js-shard-00-00-htida.mongodb.net:27017, hosts=[m220js-shard-00-01-htida.mongodb.net:27017, m220js-shard-00-02-htida.mongodb.net:27017, m220js-shard-00-00-htida.mongodb.net:27017], passives=[], arbiters=[], primary='m220js-shard-00-01-htida.mongodb.net:27017', tagSet=TagSet{[Tag{name='region', value='AP_SOUTHEAST_1'}, Tag{name='provider', value='AWS'}, Tag{name='nodeType', value='ELECTABLE'}]}, electionId=null, setVersion=1, lastWriteDate=Fri Dec 13 16:38:12 IST 2019, lastUpdateTimeNanos=10613371584773}]}. Waiting for 30000 ms before timing out
2019-12-13 16:38:19.911  INFO 4383 --- [ngodb.net:27017] org.mongodb.driver.cluster               : Monitor thread successfully connected to server with description ServerDescription{address=m220js-shard-00-02-htida.mongodb.net:27017, type=REPLICA_SET_SECONDARY, state=CONNECTED, ok=true, version=ServerVersion{versionList=[4, 0, 13]}, minWireVersion=0, maxWireVersion=7, maxDocumentSize=16777216, logicalSessionTimeoutMinutes=30, roundTripTimeNanos=59729817, setName='m220js-shard-0', canonicalAddress=m220js-shard-00-02-htida.mongodb.net:27017, hosts=[m220js-shard-00-01-htida.mongodb.net:27017, m220js-shard-00-02-htida.mongodb.net:27017, m220js-shard-00-00-htida.mongodb.net:27017], passives=[], arbiters=[], primary='m220js-shard-00-01-htida.mongodb.net:27017', tagSet=TagSet{[Tag{name='region', value='AP_SOUTHEAST_1'}, Tag{name='provider', value='AWS'}, Tag{name='nodeType', value='ELECTABLE'}]}, electionId=null, setVersion=1, lastWriteDate=Fri Dec 13 16:38:12 IST 2019, lastUpdateTimeNanos=10613372774514}
2019-12-13 16:38:19.912  INFO 4383 --- [ngodb.net:27017] org.mongodb.driver.cluster               : Monitor thread successfully connected to server with description ServerDescription{address=m220js-shard-00-01-htida.mongodb.net:27017, type=REPLICA_SET_PRIMARY, state=CONNECTED, ok=true, version=ServerVersion{versionList=[4, 0, 13]}, minWireVersion=0, maxWireVersion=7, maxDocumentSize=16777216, logicalSessionTimeoutMinutes=30, roundTripTimeNanos=59971802, setName='m220js-shard-0', canonicalAddress=m220js-shard-00-01-htida.mongodb.net:27017, hosts=[m220js-shard-00-01-htida.mongodb.net:27017, m220js-shard-00-02-htida.mongodb.net:27017, m220js-shard-00-00-htida.mongodb.net:27017], passives=[], arbiters=[], primary='m220js-shard-00-01-htida.mongodb.net:27017', tagSet=TagSet{[Tag{name='region', value='AP_SOUTHEAST_1'}, Tag{name='provider', value='AWS'}, Tag{name='nodeType', value='ELECTABLE'}]}, electionId=7fffffff0000000000000006, setVersion=1, lastWriteDate=Fri Dec 13 16:38:12 IST 2019, lastUpdateTimeNanos=10613373552999}
2019-12-13 16:38:19.913  INFO 4383 --- [ngodb.net:27017] org.mongodb.driver.cluster               : Setting max election id to 7fffffff0000000000000006 from replica set primary m220js-shard-00-01-htida.mongodb.net:27017
2019-12-13 16:38:19.913  INFO 4383 --- [ngodb.net:27017] org.mongodb.driver.cluster               : Setting max set version to 1 from replica set primary m220js-shard-00-01-htida.mongodb.net:27017
2019-12-13 16:38:19.913  INFO 4383 --- [ngodb.net:27017] org.mongodb.driver.cluster               : Discovered replica set primary m220js-shard-00-01-htida.mongodb.net:27017
2019-12-13 16:38:20.497  INFO 4383 --- [           main] org.mongodb.driver.connection            : Opened connection [connectionId{localValue:25, serverValue:28526}] to m220js-shard-00-01-htida.mongodb.net:27017
]]></system-out>
  </testcase>
  <testcase name="testAllDocumentsUpdateDateIsDateType" classname="mflix.api.daos.MigrationTest" time="1.178"/>
</testsuite>